2024-04-14 19:23:54,123 - root - INFO - N_EPOCH: 100
2024-04-14 19:23:54,124 - root - INFO - LEARNING_RATE: 3e-05
2024-04-14 19:23:54,124 - root - INFO - HIDDEN_LAYER: 20
2024-04-14 19:23:54,124 - root - INFO - HIDDEN_WIDTH: 64
2024-04-14 19:23:54,124 - root - INFO - EXPERIMENT_NAME: exp_put_5_final
2024-04-14 19:23:54,124 - root - INFO - Model type: Put_2
2024-04-14 19:23:54,638 - root - INFO - train set size: (8000, 9)
2024-04-14 19:23:54,639 - root - INFO - test set size: (2000, 9)
2024-04-14 19:23:54,640 - root - INFO - Initial MSE train: 634.5936, Initial MSE val: 621.8109
2024-04-14 19:23:56,960 - root - INFO - Total number of learnable parameters: 136843
2024-04-14 19:23:58,952 - root - INFO - Optimizer: SGD
2024-04-14 19:24:00,739 - root - INFO - Epoch 1, train loss: 304.3085, test loss: 316.3138
2024-04-14 19:24:02,604 - root - INFO - Epoch 2, train loss: 283.3326, test loss: 297.5697
2024-04-14 19:24:04,404 - root - INFO - Epoch 3, train loss: 282.7256, test loss: 294.8285
2024-04-14 19:24:06,172 - root - INFO - Epoch 4, train loss: 282.6505, test loss: 294.6183
2024-04-14 19:24:07,990 - root - INFO - Epoch 5, train loss: 281.4583, test loss: 294.3246
2024-04-14 19:24:09,779 - root - INFO - Epoch 6, train loss: 280.6166, test loss: 297.5808
2024-04-14 19:24:11,692 - root - INFO - Epoch 7, train loss: 280.1074, test loss: 293.9281
2024-04-14 19:24:13,466 - root - INFO - Epoch 8, train loss: 280.0175, test loss: 294.3120
2024-04-14 19:24:15,232 - root - INFO - Epoch 9, train loss: 279.6990, test loss: 297.3713
2024-04-14 19:24:16,991 - root - INFO - Epoch 10, train loss: 277.9054, test loss: 295.4423
2024-04-14 19:24:18,765 - root - INFO - Epoch 11, train loss: 278.9406, test loss: 294.2462
2024-04-14 19:24:20,533 - root - INFO - Epoch 12, train loss: 278.9833, test loss: 299.1070
2024-04-14 19:24:22,339 - root - INFO - Epoch 13, train loss: 277.9609, test loss: 296.2602
2024-04-14 19:24:24,079 - root - INFO - Epoch 14, train loss: 279.4034, test loss: 297.1302
2024-04-14 19:24:25,799 - root - INFO - Epoch 15, train loss: 278.4313, test loss: 295.6940
2024-04-14 19:24:27,698 - root - INFO - Epoch 16, train loss: 278.4789, test loss: 294.9890
2024-04-14 19:24:29,736 - root - INFO - Epoch 17, train loss: 273.9293, test loss: 295.8430
2024-04-14 19:24:31,766 - root - INFO - Epoch 18, train loss: 273.8857, test loss: 295.6344
2024-04-14 19:24:33,674 - root - INFO - Epoch 19, train loss: 272.4158, test loss: 296.8395
2024-04-14 19:24:35,618 - root - INFO - Epoch 20, train loss: 271.5302, test loss: 296.2196
2024-04-14 19:24:37,614 - root - INFO - Epoch 21, train loss: 272.2992, test loss: 297.0394
2024-04-14 19:24:39,560 - root - INFO - Epoch 22, train loss: 271.4801, test loss: 297.4825
2024-04-14 19:24:41,657 - root - INFO - Epoch 23, train loss: 271.2346, test loss: 299.9848
2024-04-14 19:24:43,628 - root - INFO - Epoch 24, train loss: 270.4864, test loss: 298.1199
2024-04-14 19:24:45,489 - root - INFO - Epoch 25, train loss: 271.4642, test loss: 298.7583
2024-04-14 19:24:47,437 - root - INFO - Epoch 26, train loss: 271.9288, test loss: 297.2225
2024-04-14 19:24:49,370 - root - INFO - Epoch 27, train loss: 270.4494, test loss: 298.0292
2024-04-14 19:24:51,368 - root - INFO - Epoch 28, train loss: 271.1165, test loss: 297.5866
2024-04-14 19:24:53,264 - root - INFO - Epoch 29, train loss: 270.4626, test loss: 298.5961
2024-04-14 19:24:55,040 - root - INFO - Epoch 30, train loss: 271.6046, test loss: 298.2608
2024-04-14 19:24:56,798 - root - INFO - Epoch 31, train loss: 269.9518, test loss: 300.5129
2024-04-14 19:24:58,587 - root - INFO - Epoch 32, train loss: 270.8893, test loss: 300.0984
2024-04-14 19:25:00,357 - root - INFO - Epoch 33, train loss: 269.3580, test loss: 298.8916
2024-04-14 19:25:02,101 - root - INFO - Epoch 34, train loss: 268.8399, test loss: 299.8562
2024-04-14 19:25:03,845 - root - INFO - Epoch 35, train loss: 268.4938, test loss: 300.4579
2024-04-14 19:25:05,629 - root - INFO - Epoch 36, train loss: 269.8918, test loss: 299.3972
2024-04-14 19:25:07,425 - root - INFO - Epoch 37, train loss: 270.2244, test loss: 298.9248
2024-04-14 19:25:09,310 - root - INFO - Epoch 38, train loss: 268.8150, test loss: 299.1650
2024-04-14 19:25:11,113 - root - INFO - Epoch 39, train loss: 268.8782, test loss: 302.5629
2024-04-14 19:25:12,879 - root - INFO - Epoch 40, train loss: 269.1892, test loss: 302.1233
2024-04-14 19:25:14,692 - root - INFO - Epoch 41, train loss: 267.9924, test loss: 301.2773
2024-04-14 19:25:16,456 - root - INFO - Epoch 42, train loss: 267.9326, test loss: 301.2111
2024-04-14 19:25:18,256 - root - INFO - Epoch 43, train loss: 267.7024, test loss: 302.8846
2024-04-14 19:25:20,086 - root - INFO - Epoch 44, train loss: 267.8081, test loss: 301.3684
2024-04-14 19:25:21,916 - root - INFO - Epoch 45, train loss: 267.1654, test loss: 302.2470
2024-04-14 19:25:23,688 - root - INFO - Epoch 46, train loss: 267.0924, test loss: 305.5630
2024-04-14 19:25:25,452 - root - INFO - Epoch 47, train loss: 266.2310, test loss: 303.6216
2024-04-14 19:25:27,288 - root - INFO - Epoch 48, train loss: 267.5182, test loss: 302.6203
2024-04-14 19:25:29,205 - root - INFO - Epoch 49, train loss: 266.5212, test loss: 302.1113
2024-04-14 19:25:30,992 - root - INFO - Epoch 50, train loss: 265.8014, test loss: 302.8514
2024-04-14 19:25:32,866 - root - INFO - Epoch 51, train loss: 265.4337, test loss: 303.3548
2024-04-14 19:25:34,620 - root - INFO - Epoch 52, train loss: 265.5452, test loss: 301.8740
2024-04-14 19:25:36,367 - root - INFO - Epoch 53, train loss: 266.4313, test loss: 305.8970
2024-04-14 19:25:38,145 - root - INFO - Epoch 54, train loss: 266.9494, test loss: 304.8631
2024-04-14 19:25:39,915 - root - INFO - Epoch 55, train loss: 266.1944, test loss: 305.2007
2024-04-14 19:25:41,687 - root - INFO - Epoch 56, train loss: 266.5773, test loss: 305.0555
2024-04-14 19:25:43,442 - root - INFO - Epoch 57, train loss: 265.1453, test loss: 305.5724
2024-04-14 19:25:45,136 - root - INFO - Epoch 58, train loss: 265.7725, test loss: 306.4324
2024-04-14 19:25:46,926 - root - INFO - Epoch 59, train loss: 266.1927, test loss: 306.5187
2024-04-14 19:25:48,669 - root - INFO - Epoch 60, train loss: 264.7388, test loss: 306.2754
2024-04-14 19:25:50,519 - root - INFO - Epoch 61, train loss: 264.1969, test loss: 309.6033
2024-04-14 19:25:52,312 - root - INFO - Epoch 62, train loss: 264.3427, test loss: 305.5225
2024-04-14 19:25:54,067 - root - INFO - Epoch 63, train loss: 265.1455, test loss: 306.8868
2024-04-14 19:25:55,823 - root - INFO - Epoch 64, train loss: 263.1325, test loss: 310.3402
2024-04-14 19:25:57,589 - root - INFO - Epoch 65, train loss: 261.6185, test loss: 304.8160
2024-04-14 19:25:59,371 - root - INFO - Epoch 66, train loss: 264.7056, test loss: 309.3916
2024-04-14 19:26:01,139 - root - INFO - Epoch 67, train loss: 262.3858, test loss: 311.0473
2024-04-14 19:26:02,909 - root - INFO - Epoch 68, train loss: 263.9180, test loss: 309.2845
2024-04-14 19:26:04,632 - root - INFO - Epoch 69, train loss: 261.7226, test loss: 311.3104
2024-04-14 19:26:06,344 - root - INFO - Epoch 70, train loss: 263.9815, test loss: 307.1205
2024-04-14 19:26:08,172 - root - INFO - Epoch 71, train loss: 262.8766, test loss: 308.1344
2024-04-14 19:26:09,993 - root - INFO - Epoch 72, train loss: 262.4437, test loss: 310.0591
2024-04-14 19:26:11,788 - root - INFO - Epoch 73, train loss: 260.6190, test loss: 308.7291
2024-04-14 19:26:13,549 - root - INFO - Epoch 74, train loss: 260.1550, test loss: 309.7087
2024-04-14 19:26:15,454 - root - INFO - Epoch 75, train loss: 260.5219, test loss: 307.7910
2024-04-14 19:26:17,348 - root - INFO - Epoch 76, train loss: 260.0008, test loss: 308.0025
2024-04-14 19:26:19,219 - root - INFO - Epoch 77, train loss: 260.4471, test loss: 306.3677
2024-04-14 19:26:20,991 - root - INFO - Epoch 78, train loss: 259.3383, test loss: 309.1702
2024-04-14 19:26:22,810 - root - INFO - Epoch 79, train loss: 259.0788, test loss: 311.4082
2024-04-14 19:26:24,551 - root - INFO - Epoch 80, train loss: 261.1153, test loss: 308.6471
2024-04-14 19:26:26,384 - root - INFO - Epoch 81, train loss: 259.5770, test loss: 309.9754
2024-04-14 19:26:28,137 - root - INFO - Epoch 82, train loss: 258.8512, test loss: 314.1788
2024-04-14 19:26:29,953 - root - INFO - Epoch 83, train loss: 259.2310, test loss: 310.7535
2024-04-14 19:26:31,797 - root - INFO - Epoch 84, train loss: 258.8586, test loss: 313.0617
2024-04-14 19:26:33,601 - root - INFO - Epoch 85, train loss: 260.2616, test loss: 308.4571
2024-04-14 19:26:35,347 - root - INFO - Epoch 86, train loss: 259.8068, test loss: 308.7373
2024-04-14 19:26:37,092 - root - INFO - Epoch 87, train loss: 260.7217, test loss: 310.7759
2024-04-14 19:26:38,811 - root - INFO - Epoch 88, train loss: 259.3644, test loss: 312.4569
2024-04-14 19:26:40,559 - root - INFO - Epoch 89, train loss: 258.7522, test loss: 310.6248
2024-04-14 19:26:42,329 - root - INFO - Epoch 90, train loss: 260.1381, test loss: 309.6564
2024-04-14 19:26:44,055 - root - INFO - Epoch 91, train loss: 257.9962, test loss: 310.6062
2024-04-14 19:26:45,816 - root - INFO - Epoch 92, train loss: 258.9480, test loss: 310.6934
2024-04-14 19:26:47,610 - root - INFO - Epoch 93, train loss: 258.0476, test loss: 310.8373
2024-04-14 19:26:49,369 - root - INFO - Epoch 94, train loss: 258.5186, test loss: 310.1205
2024-04-14 19:26:51,195 - root - INFO - Epoch 95, train loss: 259.1239, test loss: 310.0981
2024-04-14 19:26:53,015 - root - INFO - Epoch 96, train loss: 259.8621, test loss: 309.6762
2024-04-14 19:26:54,803 - root - INFO - Epoch 97, train loss: 260.6834, test loss: 311.8327
2024-04-14 19:26:56,515 - root - INFO - Epoch 98, train loss: 259.5116, test loss: 316.0760
2024-04-14 19:26:58,265 - root - INFO - Epoch 99, train loss: 259.5105, test loss: 312.5120
2024-04-14 19:27:00,052 - root - INFO - Epoch 100, train loss: 258.9770, test loss: 311.5651
