2024-04-14 18:34:31,243 - root - INFO - N_EPOCH: 30
2024-04-14 18:34:31,243 - root - INFO - LEARNING_RATE: 4e-07
2024-04-14 18:34:31,243 - root - INFO - HIDDEN_LAYER: 20
2024-04-14 18:34:31,243 - root - INFO - HIDDEN_WIDTH: 256
2024-04-14 18:34:31,244 - root - INFO - EXPERIMENT_NAME: exp_call_3_final
2024-04-14 18:34:31,244 - root - INFO - Model type: Call_2
2024-04-14 18:34:38,005 - root - INFO - train set size: (178573, 12)
2024-04-14 18:34:38,005 - root - INFO - test set size: (44644, 12)
2024-04-14 18:34:38,007 - root - INFO - Initial MSE train: 42.5196, Initial MSE val: 40.2708
2024-04-14 18:35:05,969 - root - INFO - Total number of learnable parameters: 1426699
2024-04-14 18:35:05,987 - root - INFO - Total number of learnable parameters: 1426699
2024-04-14 18:35:21,486 - root - INFO - Optimizer: Adamax
2024-04-14 18:35:50,880 - root - INFO - Epoch 1, train loss: 53.7434, test loss: 387.8287
2024-04-14 18:36:19,056 - root - INFO - Epoch 2, train loss: 53.6750, test loss: 419.2363
2024-04-14 18:36:46,658 - root - INFO - Epoch 3, train loss: 53.6499, test loss: 909.0248
2024-04-14 18:37:13,872 - root - INFO - Epoch 4, train loss: 53.6571, test loss: 992.2169
2024-04-14 18:37:41,377 - root - INFO - Epoch 5, train loss: 53.6839, test loss: 2294.2037
2024-04-14 18:38:08,997 - root - INFO - Epoch 6, train loss: 53.6636, test loss: 2367.4621
2024-04-14 18:38:36,440 - root - INFO - Epoch 7, train loss: 53.6582, test loss: 152.6268
2024-04-14 18:39:03,818 - root - INFO - Epoch 8, train loss: 53.6709, test loss: 142.9207
2024-04-14 18:39:31,416 - root - INFO - Epoch 9, train loss: 53.6590, test loss: 2486.3030
2024-04-14 18:39:58,736 - root - INFO - Epoch 10, train loss: 53.6850, test loss: 692.9388
2024-04-14 18:40:25,669 - root - INFO - Epoch 11, train loss: 53.6334, test loss: 643.0713
2024-04-14 18:40:53,203 - root - INFO - Epoch 12, train loss: 53.6430, test loss: 163.5307
2024-04-14 18:41:20,609 - root - INFO - Epoch 13, train loss: 53.6368, test loss: 155.9182
2024-04-14 18:41:47,946 - root - INFO - Epoch 14, train loss: 53.6648, test loss: 4083.4204
2024-04-14 18:42:15,156 - root - INFO - Epoch 15, train loss: 53.6508, test loss: 908.5866
2024-04-14 18:42:42,758 - root - INFO - Epoch 16, train loss: 53.6926, test loss: 27621.1862
2024-04-14 18:43:10,135 - root - INFO - Epoch 17, train loss: 53.6458, test loss: 589.7043
2024-04-14 18:43:37,616 - root - INFO - Epoch 18, train loss: 53.7978, test loss: 164.6072
2024-04-14 18:44:05,203 - root - INFO - Epoch 19, train loss: 53.7281, test loss: 102.0136
2024-04-14 18:44:32,775 - root - INFO - Epoch 20, train loss: 53.6865, test loss: 3079.7139
2024-04-14 18:45:00,063 - root - INFO - Epoch 21, train loss: 53.6605, test loss: 101.7256
2024-04-14 18:45:27,254 - root - INFO - Epoch 22, train loss: 53.6566, test loss: 718.7338
2024-04-14 18:45:54,427 - root - INFO - Epoch 23, train loss: 53.6969, test loss: 9750.0523
2024-04-14 18:46:22,080 - root - INFO - Epoch 24, train loss: 53.6609, test loss: 242.1091
2024-04-14 18:46:49,367 - root - INFO - Epoch 25, train loss: 53.7008, test loss: 199051.7107
2024-04-14 18:47:16,639 - root - INFO - Epoch 26, train loss: 53.6485, test loss: 182.4106
2024-04-14 18:47:44,109 - root - INFO - Epoch 27, train loss: 53.6370, test loss: 53.7076
2024-04-14 18:48:10,948 - root - INFO - Epoch 28, train loss: 53.6910, test loss: 96.6992
2024-04-14 18:48:38,175 - root - INFO - Epoch 29, train loss: 53.6537, test loss: 76.0594
2024-04-14 18:49:05,722 - root - INFO - Epoch 30, train loss: 53.6881, test loss: 578.6624
2024-04-14 18:59:22,952 - root - INFO - Total number of learnable parameters: 1426699
2024-04-14 18:59:30,979 - root - INFO - Total number of learnable parameters: 1426699
2024-04-14 18:59:30,996 - root - INFO - Total number of learnable parameters: 1426699
