2024-04-14 13:35:11,511 - root - INFO - Running on device=cuda
2024-04-14 13:35:11,696 - root - INFO - N_EPOCH: 20
2024-04-14 13:35:11,696 - root - INFO - LEARNING_RATE: 0.0005
2024-04-14 13:35:11,697 - root - INFO - HIDDEN_LAYER: 20
2024-04-14 13:35:11,697 - root - INFO - HIDDEN_WIDTH: 32
2024-04-14 13:35:11,697 - root - INFO - EXPERIMENT_NAME: exp_put_3
2024-04-14 13:35:11,697 - root - INFO - Model type: Put_1
2024-04-14 13:35:12,391 - root - INFO - Initial MSE train: 14.7118, Initial MSE val: 11.4871
2024-04-14 13:35:13,167 - root - INFO - Total number of learnable parameters: 22635
2024-04-14 13:35:14,520 - root - INFO - Optimizer: SGD
2024-04-14 13:35:16,052 - root - INFO - Epoch 1, train loss: 10.5946, val loss: 7.7479
2024-04-14 13:35:17,656 - root - INFO - Epoch 2, train loss: 7.1115, val loss: 4.2446
2024-04-14 13:35:19,150 - root - INFO - Epoch 3, train loss: 6.8673, val loss: 5.1750
2024-04-14 13:35:20,726 - root - INFO - Epoch 4, train loss: 6.3020, val loss: 4.0480
2024-04-14 13:35:22,376 - root - INFO - Epoch 5, train loss: 6.2986, val loss: 3.2826
2024-04-14 13:35:24,321 - root - INFO - Epoch 6, train loss: 6.3189, val loss: 4.4441
2024-04-14 13:35:25,945 - root - INFO - Epoch 7, train loss: 6.0951, val loss: 5.4921
2024-04-14 13:35:27,606 - root - INFO - Epoch 8, train loss: 6.2515, val loss: 3.9990
2024-04-14 13:35:29,275 - root - INFO - Epoch 9, train loss: 5.8128, val loss: 2.9800
2024-04-14 13:35:30,874 - root - INFO - Epoch 10, train loss: 5.8435, val loss: 4.3583
2024-04-14 13:35:32,503 - root - INFO - Epoch 11, train loss: 5.5170, val loss: 5.0721
2024-04-14 13:35:34,033 - root - INFO - Epoch 12, train loss: 5.5978, val loss: 3.5536
2024-04-14 13:35:35,630 - root - INFO - Epoch 13, train loss: 5.2226, val loss: 3.9424
2024-04-14 13:35:37,167 - root - INFO - Epoch 14, train loss: 5.1036, val loss: 3.2575
2024-04-14 13:35:38,779 - root - INFO - Epoch 15, train loss: 5.4874, val loss: 4.4586
2024-04-14 13:35:40,351 - root - INFO - Epoch 16, train loss: 5.1716, val loss: 3.0098
2024-04-14 13:35:41,912 - root - INFO - Epoch 17, train loss: 5.0867, val loss: 3.1253
2024-04-14 13:35:43,489 - root - INFO - Epoch 18, train loss: 5.2995, val loss: 2.4321
2024-04-14 13:35:45,075 - root - INFO - Epoch 19, train loss: 5.0147, val loss: 3.7700
2024-04-14 13:35:46,642 - root - INFO - Epoch 20, train loss: 5.6698, val loss: 3.1976
2024-04-14 13:35:46,642 - root - INFO - Optimizer: RMSprop
2024-04-14 13:35:48,322 - root - INFO - Epoch 1, train loss: 5.2044, val loss: 2.7352
2024-04-14 13:35:50,053 - root - INFO - Epoch 2, train loss: 4.9497, val loss: 3.4233
2024-04-14 13:35:51,701 - root - INFO - Epoch 3, train loss: 4.8041, val loss: 3.5917
2024-04-14 13:35:53,313 - root - INFO - Epoch 4, train loss: 5.0249, val loss: 2.5540
2024-04-14 13:35:54,926 - root - INFO - Epoch 5, train loss: 4.8057, val loss: 3.3509
2024-04-14 13:35:56,518 - root - INFO - Epoch 6, train loss: 5.0466, val loss: 4.2651
2024-04-14 13:35:58,202 - root - INFO - Epoch 7, train loss: 4.7344, val loss: 2.5509
2024-04-14 13:35:59,791 - root - INFO - Epoch 8, train loss: 4.6504, val loss: 3.1759
2024-04-14 13:36:01,451 - root - INFO - Epoch 9, train loss: 4.7518, val loss: 2.8199
2024-04-14 13:36:03,067 - root - INFO - Epoch 10, train loss: 4.6296, val loss: 2.4187
2024-04-14 13:36:04,679 - root - INFO - Epoch 11, train loss: 4.7144, val loss: 2.5408
2024-04-14 13:36:06,283 - root - INFO - Epoch 12, train loss: 4.6494, val loss: 2.3715
2024-04-14 13:36:07,905 - root - INFO - Epoch 13, train loss: 4.5790, val loss: 3.6975
2024-04-14 13:36:09,520 - root - INFO - Epoch 14, train loss: 4.6234, val loss: 3.0294
2024-04-14 13:36:11,125 - root - INFO - Epoch 15, train loss: 4.4517, val loss: 2.0722
2024-04-14 13:36:12,714 - root - INFO - Epoch 16, train loss: 4.4854, val loss: 3.0260
2024-04-14 13:36:14,304 - root - INFO - Epoch 17, train loss: 4.4488, val loss: 1.4384
2024-04-14 13:36:15,859 - root - INFO - Epoch 18, train loss: 4.6159, val loss: 2.9387
2024-04-14 13:36:17,454 - root - INFO - Epoch 19, train loss: 4.1599, val loss: 3.2622
2024-04-14 13:36:19,100 - root - INFO - Epoch 20, train loss: 4.5390, val loss: 2.3519
2024-04-14 13:36:19,100 - root - INFO - Optimizer: Adam
2024-04-14 13:36:20,783 - root - INFO - Epoch 1, train loss: 4.4158, val loss: 2.9043
2024-04-14 13:36:22,510 - root - INFO - Epoch 2, train loss: 4.3319, val loss: 3.2420
2024-04-14 13:36:24,239 - root - INFO - Epoch 3, train loss: 4.2740, val loss: 2.4167
2024-04-14 13:36:25,981 - root - INFO - Epoch 4, train loss: 3.9012, val loss: 2.3293
2024-04-14 13:36:27,674 - root - INFO - Epoch 5, train loss: 3.7632, val loss: 2.1173
2024-04-14 13:36:29,426 - root - INFO - Epoch 6, train loss: 4.4315, val loss: 2.0693
2024-04-14 13:36:31,184 - root - INFO - Epoch 7, train loss: 3.6902, val loss: 1.6558
2024-04-14 13:36:32,980 - root - INFO - Epoch 8, train loss: 3.7648, val loss: 3.3116
2024-04-14 13:36:34,686 - root - INFO - Epoch 9, train loss: 4.2413, val loss: 3.0179
2024-04-14 13:36:36,396 - root - INFO - Epoch 10, train loss: 3.6760, val loss: 1.9593
2024-04-14 13:36:38,094 - root - INFO - Epoch 11, train loss: 3.9740, val loss: 2.8411
2024-04-14 13:36:39,882 - root - INFO - Epoch 12, train loss: 3.6630, val loss: 2.2988
2024-04-14 13:36:41,621 - root - INFO - Epoch 13, train loss: 3.7390, val loss: 2.6078
2024-04-14 13:36:43,365 - root - INFO - Epoch 14, train loss: 2.9982, val loss: 2.2344
2024-04-14 13:36:45,099 - root - INFO - Epoch 15, train loss: 3.9104, val loss: 6.3185
2024-04-14 13:36:46,827 - root - INFO - Epoch 16, train loss: 4.2087, val loss: 2.5245
2024-04-14 13:36:48,565 - root - INFO - Epoch 17, train loss: 3.3365, val loss: 3.6814
2024-04-14 13:36:50,306 - root - INFO - Epoch 18, train loss: 3.1492, val loss: 2.3779
2024-04-14 13:36:52,070 - root - INFO - Epoch 19, train loss: 3.0759, val loss: 4.7843
2024-04-14 13:36:53,832 - root - INFO - Epoch 20, train loss: 4.2323, val loss: 3.1002
2024-04-14 13:36:53,834 - root - INFO - Optimizer: Adamax
2024-04-14 13:36:56,261 - root - INFO - Epoch 1, train loss: 3.3843, val loss: 2.2733
2024-04-14 13:36:58,755 - root - INFO - Epoch 2, train loss: 3.0939, val loss: 2.8825
2024-04-14 13:37:01,200 - root - INFO - Epoch 3, train loss: 3.0647, val loss: 2.3521
2024-04-14 13:37:03,659 - root - INFO - Epoch 4, train loss: 2.9527, val loss: 1.8688
2024-04-14 13:37:06,110 - root - INFO - Epoch 5, train loss: 2.2712, val loss: 2.2776
2024-04-14 13:37:08,645 - root - INFO - Epoch 6, train loss: 2.3245, val loss: 2.5067
2024-04-14 13:37:11,088 - root - INFO - Epoch 7, train loss: 2.3934, val loss: 2.2485
2024-04-14 13:37:13,550 - root - INFO - Epoch 8, train loss: 2.2855, val loss: 2.9544
2024-04-14 13:37:16,041 - root - INFO - Epoch 9, train loss: 2.4530, val loss: 3.2332
2024-04-14 13:37:18,600 - root - INFO - Epoch 10, train loss: 2.8562, val loss: 2.6719
2024-04-14 13:37:21,070 - root - INFO - Epoch 11, train loss: 2.6318, val loss: 4.8055
2024-04-14 13:37:23,514 - root - INFO - Epoch 12, train loss: 3.0747, val loss: 3.1808
2024-04-14 13:37:25,856 - root - INFO - Epoch 13, train loss: 2.1697, val loss: 15.9209
2024-04-14 13:37:28,341 - root - INFO - Epoch 14, train loss: 2.4964, val loss: 3.0639
2024-04-14 13:37:30,752 - root - INFO - Epoch 15, train loss: 2.4838, val loss: 6.9978
2024-04-14 13:37:33,280 - root - INFO - Epoch 16, train loss: 2.7388, val loss: 2.5420
2024-04-14 13:37:35,742 - root - INFO - Epoch 17, train loss: 2.1455, val loss: 3.0816
2024-04-14 13:37:38,286 - root - INFO - Epoch 18, train loss: 2.2018, val loss: 2.0048
2024-04-14 13:37:40,838 - root - INFO - Epoch 19, train loss: 2.2439, val loss: 3.0208
2024-04-14 13:37:43,361 - root - INFO - Epoch 20, train loss: 2.3162, val loss: 2.8660
2024-04-14 13:42:12,506 - root - INFO - Running on device=cuda
2024-04-14 13:42:13,274 - root - INFO - N_EPOCH: 200
2024-04-14 13:42:13,275 - root - INFO - LEARNING_RATE: 3e-05
2024-04-14 13:42:13,275 - root - INFO - HIDDEN_LAYER: 20
2024-04-14 13:42:13,276 - root - INFO - HIDDEN_WIDTH: 32
2024-04-14 13:42:13,276 - root - INFO - EXPERIMENT_NAME: exp_put_3_final
2024-04-14 13:42:13,276 - root - INFO - Model type: Put_1
2024-04-14 13:45:51,387 - root - INFO - train set size: (178573, 12)
2024-04-14 13:45:51,388 - root - INFO - test set size: (44644, 12)
2024-04-14 13:45:51,390 - root - INFO - Initial MSE train: 32.1117, Initial MSE val: 11.5261
2024-04-14 13:46:25,591 - root - INFO - Total number of learnable parameters: 22635
2024-04-14 13:48:19,355 - root - INFO - train set size: (178573, 12)
2024-04-14 13:48:19,355 - root - INFO - test set size: (44644, 12)
2024-04-14 13:48:19,356 - root - INFO - Initial MSE train: 31.9483, Initial MSE val: 11.5261
2024-04-14 13:48:28,307 - root - INFO - train set size: (178573, 12)
2024-04-14 13:48:28,307 - root - INFO - test set size: (44644, 12)
2024-04-14 13:48:28,309 - root - INFO - Initial MSE train: 33.0652, Initial MSE val: 11.5261
2024-04-14 13:48:29,155 - root - INFO - Total number of learnable parameters: 49307
2024-04-14 13:49:01,262 - root - INFO - train set size: (178573, 12)
2024-04-14 13:49:01,262 - root - INFO - test set size: (44644, 12)
2024-04-14 13:49:01,264 - root - INFO - Initial MSE train: 35.3414, Initial MSE val: 11.5261
2024-04-14 13:50:12,483 - root - INFO - train set size: (178573, 12)
2024-04-14 13:50:12,483 - root - INFO - test set size: (44644, 12)
2024-04-14 13:50:12,485 - root - INFO - Initial MSE train: 36.8173, Initial MSE val: 11.5261
2024-04-14 13:50:21,361 - root - INFO - Total number of learnable parameters: 49307
2024-04-14 13:50:31,634 - root - INFO - Optimizer: Adamax
2024-04-14 13:51:12,899 - root - INFO - Epoch 1, train loss: 35.9822, test loss: 11.6264
2024-04-14 13:58:38,800 - root - INFO - Epoch 11, train loss: 26.0629, test loss: 2.5061
2024-04-14 14:06:00,798 - root - INFO - Epoch 21, train loss: 25.2268, test loss: 2.5894
2024-04-14 14:13:24,897 - root - INFO - Epoch 31, train loss: 24.5185, test loss: 2.5093
2024-04-14 14:20:46,654 - root - INFO - Epoch 41, train loss: 24.1136, test loss: 1.7556
2024-04-14 14:28:07,691 - root - INFO - Epoch 51, train loss: 23.8782, test loss: 3.4316
2024-04-14 14:35:15,511 - root - INFO - Epoch 61, train loss: 23.6989, test loss: 2.3340
2024-04-14 14:42:30,414 - root - INFO - Epoch 71, train loss: 23.6087, test loss: 0.8993
2024-04-14 14:49:33,899 - root - INFO - Epoch 81, train loss: 23.4893, test loss: 1.3567
2024-04-14 14:56:01,312 - root - INFO - Epoch 91, train loss: 23.3898, test loss: 1.7784
2024-04-14 15:02:34,586 - root - INFO - Epoch 101, train loss: 23.3125, test loss: 1.3538
2024-04-14 15:09:00,292 - root - INFO - Epoch 111, train loss: 23.2415, test loss: 1.6855
2024-04-14 15:11:45,878 - root - INFO - Optimizer: Adamax
2024-04-14 15:12:27,690 - root - INFO - Epoch 1, train loss: 23.2015, test loss: 3.8317
2024-04-14 15:13:06,815 - root - INFO - Epoch 2, train loss: 23.1912, test loss: 1.5563
2024-04-14 15:13:45,580 - root - INFO - Epoch 3, train loss: 23.2367, test loss: 1.3398
2024-04-14 15:14:24,637 - root - INFO - Epoch 4, train loss: 23.2007, test loss: 0.9813
2024-04-14 15:15:03,802 - root - INFO - Epoch 5, train loss: 23.2138, test loss: 2.4918
2024-04-14 15:15:42,956 - root - INFO - Epoch 6, train loss: 23.1837, test loss: 1.3854
2024-04-14 15:16:21,797 - root - INFO - Epoch 7, train loss: 23.2036, test loss: 3.0465
2024-04-14 15:17:00,529 - root - INFO - Epoch 8, train loss: 23.1664, test loss: 1.4260
2024-04-14 15:17:39,297 - root - INFO - Epoch 9, train loss: 23.1661, test loss: 1.4592
2024-04-14 15:18:18,127 - root - INFO - Epoch 10, train loss: 23.1887, test loss: 3.0016
2024-04-14 15:18:55,136 - root - INFO - Epoch 11, train loss: 23.1361, test loss: 1.1594
2024-04-14 15:19:31,912 - root - INFO - Epoch 12, train loss: 23.1587, test loss: 1.9936
